[week16_es] ROOT=/home/ubuntu/STAT-4830-project-base
[week16_es] artifacts_dir=/home/ubuntu/STAT-4830-project-base/runs/week16_es/nohup_20260510_011907_22814
[week16_es] device=cuda model_load_kwargs={'torch_dtype': torch.bfloat16}
[week16_es] cuda_device=NVIDIA H100 PCIe
Warning: You are sending unauthenticated requests to the HF Hub. Please set a HF_TOKEN to enable higher rate limits and faster downloads.
[transformers] `torch_dtype` is deprecated! Use `dtype` instead!
Loading weights:   0%|          | 0/311 [00:00<?, ?it/s]Loading weights:  81%|████████▏ | 253/311 [00:00<00:00, 2523.60it/s]Loading weights: 100%|██████████| 311/311 [00:00<00:00, 2767.74it/s]
[week16_es] trainable=1,605,632 total=1,722,180,608 action_granularity=char
[INFO] verifiers package not installed; using bundled Wordle answer list.
[OK] Local Wordle environment ready (2315 target words).
[INFO] verifiers package not installed; using bundled Wordle answer list.
[OK] Local Wordle environment ready (2315 target words).
[week16_es] envs ready (train + eval)

[ALPHA calibration @ init, trainable=1,605,632]
  raw ‖ĝ‖           = 933.7
  ALPHA * ‖ĝ‖       = 0.13   (target ≈ 0.13)
  ES probe avg_fit  = +0.180   ES_win = 0.0%   popσ = 0.0171
  ES signal probes  = ess_rank 7/8, wins 0/8
  AUTO ALPHA = 1.39e-04  (initial step ≈ 0.13)
[week16_es] starting train_es_wordle ...
  Iter | TRAIN: Fit(win+ret)  ES_win   popσ   | EVAL (greedy): Succ    Rew  Turns | OPT:    Δθ        |g|      |Δ|     cos | SIG:   ess    wins  dprobe     fb%
     0 |                0.180    0.0%   0.017 |                6.2%  0.434   5.8 |        0.13     933.71   0.1300     n/a |       7/8    0/8   +0.0%  100.0%
     1 |                0.321    0.0%   0.018 |                6.2%  0.359   5.8 |        0.19    1042.14   0.1451   +0.00 |       7/8    0/8   +0.0%  100.0%
     2 |                1.402   10.9%   0.929 |                0.0%  0.307   6.0 |        2.62   18752.33   2.6109   -0.00 |       7/8    5/8   +0.0%  100.0%
     3 |                0.389    1.6%   0.390 |                0.0%  0.315   6.0 |        3.66   18368.08   2.5574   +0.00 |       7/8    1/8   +0.0%  100.0%
     4 |                2.415   21.9%   0.979 |                6.2%  0.394   5.8 |        8.18   52566.27   7.3188   +0.00 |       8/8    7/8   +0.0%  100.0%
     5 |                0.182    0.0%   0.020 |                0.0%  0.274   6.0 |        8.18     735.19   0.1024   +0.00 |       8/8    0/8   +0.0%  100.0%
     6 |                0.370    1.6%   0.414 |                6.2%  0.385   5.8 |        8.62   19449.83   2.7080   +0.00 |       6/8    1/8   +0.0%  100.0%
     7 |                0.303    0.0%   0.028 |                6.2%  0.356   6.0 |        8.62     625.15   0.0870   -0.00 |       8/8    0/8  +12.5%  100.0%
     8 |                0.245    0.0%   0.018 |               12.5%  0.508   5.7 |        8.62     976.27   0.1359   +0.00 |       8/8    0/8   +0.0%  100.0%
     9 |                0.179    0.0%   0.035 |                6.2%  0.380   5.9 |        8.62     642.24   0.0894   -0.00 |       7/8    0/8  -12.5%  100.0%
    10 |                0.324    0.0%   0.049 |                6.2%  0.439   5.8 |        8.63    2671.94   0.3720   -0.00 |       8/8    0/8   +0.0%  100.0%
    11 |                0.198    0.0%   0.038 |                0.0%  0.264   6.0 |        8.63    1102.09   0.1534   +0.00 |       8/8    0/8   +0.0%  100.0%
    12 |                0.215    0.0%   0.011 |                0.0%  0.291   6.0 |        8.63     483.09   0.0673   +0.00 |       7/8    0/8   +0.0%  100.0%
    13 |                0.378    1.6%   0.390 |                6.2%  0.380   5.9 |        9.03   19115.21   2.6614   -0.00 |       8/8    1/8  +12.5%  100.0%
    14 |                0.463    1.6%   0.397 |                0.0%  0.311   6.0 |        9.42   19222.89   2.6764   -0.00 |       7/8    1/8   +0.0%  100.0%

=== ES finished ===
  final eval_success  : 0.0%
  best  eval_success  : 12.5% (iter 8)

No artists with labels found to put in legend.  Note that artists whose label start with an underscore are ignored when legend() is called with no argument.
[week16_es] saved plot: /home/ubuntu/STAT-4830-project-base/runs/week16_es/nohup_20260510_011907_22814/plots/training_curves.png
============================================================
FINAL ATTRIBUTION
============================================================
  RL_ceiling (their full pipeline) :    n/a
  SFT_cold   (start of ES)         :    n/a
  SFT + ES   (final)               :   0.0%
  SFT + ES   (best iter   8)        :  12.5%
------------------------------------------------------------
  ES contribution                  : n/a
  Gap to ceiling                   : n/a
============================================================
[week16_es] saved LoRA adapter: /home/ubuntu/STAT-4830-project-base/runs/week16_es/nohup_20260510_011907_22814/lora_adapter
[week16_es] saved history: /home/ubuntu/STAT-4830-project-base/runs/week16_es/nohup_20260510_011907_22814/es_history.pkl
[week16_es] done.
